[0509/133743.781:WARNING:dns_config_service_win.cc(668)] Failed to read DnsConfig.
[0509/133748.806:WARNING:dns_config_service_win.cc(668)] Failed to read DnsConfig.
[0509/133753.825:WARNING:dns_config_service_win.cc(668)] Failed to read DnsConfig.
[0509/133758.836:WARNING:dns_config_service_win.cc(668)] Failed to read DnsConfig.
[0509/133803.852:WARNING:dns_config_service_win.cc(668)] Failed to read DnsConfig.
[0509/133808.881:WARNING:dns_config_service_win.cc(668)] Failed to read DnsConfig.
[0509/133813.896:WARNING:dns_config_service_win.cc(668)] Failed to read DnsConfig.
[0509/133818.918:WARNING:dns_config_service_win.cc(668)] Failed to read DnsConfig.
[0509/133823.946:WARNING:dns_config_service_win.cc(668)] Failed to read DnsConfig.
[0509/133828.975:WARNING:dns_config_service_win.cc(668)] Failed to read DnsConfig.
[0509/133833.997:WARNING:dns_config_service_win.cc(668)] Failed to read DnsConfig.
[0509/133839.018:WARNING:dns_config_service_win.cc(668)] Failed to read DnsConfig.
[0509/133844.039:WARNING:dns_config_service_win.cc(668)] Failed to read DnsConfig.
[0509/133849.070:WARNING:dns_config_service_win.cc(668)] Failed to read DnsConfig.
[0509/133854.091:WARNING:dns_config_service_win.cc(668)] Failed to read DnsConfig.
[0509/133859.111:WARNING:dns_config_service_win.cc(668)] Failed to read DnsConfig.
[0509/133904.129:WARNING:dns_config_service_win.cc(668)] Failed to read DnsConfig.
[0509/133909.160:WARNING:dns_config_service_win.cc(668)] Failed to read DnsConfig.
[0509/133914.185:WARNING:dns_config_service_win.cc(668)] Failed to read DnsConfig.
[0509/133919.210:WARNING:dns_config_service_win.cc(668)] Failed to read DnsConfig.
[0509/133924.234:WARNING:dns_config_service_win.cc(668)] Failed to read DnsConfig.
[0509/133929.262:WARNING:dns_config_service_win.cc(668)] Failed to read DnsConfig.
[0509/133934.288:WARNING:dns_config_service_win.cc(668)] Failed to read DnsConfig.
[0509/133939.311:WARNING:dns_config_service_win.cc(668)] Failed to read DnsConfig.
[0509/133944.334:WARNING:dns_config_service_win.cc(668)] Failed to read DnsConfig.
[0509/133949.353:WARNING:dns_config_service_win.cc(668)] Failed to read DnsConfig.
[0509/133954.377:WARNING:dns_config_service_win.cc(668)] Failed to read DnsConfig.
[0509/133959.406:WARNING:dns_config_service_win.cc(668)] Failed to read DnsConfig.
[0509/134004.424:WARNING:dns_config_service_win.cc(668)] Failed to read DnsConfig.
[0509/134009.445:WARNING:dns_config_service_win.cc(668)] Failed to read DnsConfig.
[0509/134014.465:WARNING:dns_config_service_win.cc(668)] Failed to read DnsConfig.
[0509/134019.488:WARNING:dns_config_service_win.cc(668)] Failed to read DnsConfig.
[0509/134024.516:WARNING:dns_config_service_win.cc(668)] Failed to read DnsConfig.
[0509/134029.529:WARNING:dns_config_service_win.cc(668)] Failed to read DnsConfig.
[0509/134034.553:WARNING:dns_config_service_win.cc(668)] Failed to read DnsConfig.
[0509/134039.576:WARNING:dns_config_service_win.cc(668)] Failed to read DnsConfig.
[0509/134044.603:WARNING:dns_config_service_win.cc(668)] Failed to read DnsConfig.
[0509/134049.619:WARNING:dns_config_service_win.cc(668)] Failed to read DnsConfig.
[0509/134054.645:WARNING:dns_config_service_win.cc(668)] Failed to read DnsConfig.
[0509/134059.668:WARNING:dns_config_service_win.cc(668)] Failed to read DnsConfig.
[0509/134104.689:WARNING:dns_config_service_win.cc(668)] Failed to read DnsConfig.
[0509/134109.708:WARNING:dns_config_service_win.cc(668)] Failed to read DnsConfig.
[0509/134114.733:WARNING:dns_config_service_win.cc(668)] Failed to read DnsConfig.
[0509/134119.755:WARNING:dns_config_service_win.cc(668)] Failed to read DnsConfig.
[0509/134124.774:WARNING:dns_config_service_win.cc(668)] Failed to read DnsConfig.
[0509/134129.800:WARNING:dns_config_service_win.cc(668)] Failed to read DnsConfig.
[0509/134134.817:WARNING:dns_config_service_win.cc(668)] Failed to read DnsConfig.
[0509/134139.832:WARNING:dns_config_service_win.cc(668)] Failed to read DnsConfig.
[0509/134144.859:WARNING:dns_config_service_win.cc(668)] Failed to read DnsConfig.
[0509/134149.878:WARNING:dns_config_service_win.cc(668)] Failed to read DnsConfig.
[0509/134154.901:WARNING:dns_config_service_win.cc(668)] Failed to read DnsConfig.
[0509/134159.926:WARNING:dns_config_service_win.cc(668)] Failed to read DnsConfig.
[0509/134204.946:WARNING:dns_config_service_win.cc(668)] Failed to read DnsConfig.
[0509/134209.971:WARNING:dns_config_service_win.cc(668)] Failed to read DnsConfig.
[0509/134214.997:WARNING:dns_config_service_win.cc(668)] Failed to read DnsConfig.
[0509/134220.019:WARNING:dns_config_service_win.cc(668)] Failed to read DnsConfig.
[0509/134225.041:WARNING:dns_config_service_win.cc(668)] Failed to read DnsConfig.
[0509/134230.065:WARNING:dns_config_service_win.cc(668)] Failed to read DnsConfig.
[0509/134235.088:WARNING:dns_config_service_win.cc(668)] Failed to read DnsConfig.
[0509/134240.108:WARNING:dns_config_service_win.cc(668)] Failed to read DnsConfig.
[0509/134245.123:WARNING:dns_config_service_win.cc(668)] Failed to read DnsConfig.
[0509/234150.972:ERROR:browser_gpu_channel_host_factory.cc(139)] Failed to launch GPU process.
[0512/004159.342:INFO:CONSOLE(1)] "Long rAF frame-time", source: file:///C:/Program%20Files/Adobe/Adobe%20Photoshop%202020/Required/www-rich-tooltips/build/external.js (1)
[0512/012640.816:WARNING:dns_config_service_win.cc(668)] Failed to read DnsConfig.
[0512/012645.831:WARNING:dns_config_service_win.cc(668)] Failed to read DnsConfig.
[0512/012650.853:WARNING:dns_config_service_win.cc(668)] Failed to read DnsConfig.
[0512/012655.867:WARNING:dns_config_service_win.cc(668)] Failed to read DnsConfig.
[0512/012700.880:WARNING:dns_config_service_win.cc(668)] Failed to read DnsConfig.
[0512/012705.898:WARNING:dns_config_service_win.cc(668)] Failed to read DnsConfig.
[0512/012710.918:WARNING:dns_config_service_win.cc(668)] Failed to read DnsConfig.
[0512/012715.942:WARNING:dns_config_service_win.cc(668)] Failed to read DnsConfig.
[0512/012720.965:WARNING:dns_config_service_win.cc(668)] Failed to read DnsConfig.
[0512/012725.985:WARNING:dns_config_service_win.cc(668)] Failed to read DnsConfig.
[0512/012731.010:WARNING:dns_config_service_win.cc(668)] Failed to read DnsConfig.
[0512/012736.025:WARNING:dns_config_service_win.cc(668)] Failed to read DnsConfig.
[0512/012741.043:WARNING:dns_config_service_win.cc(668)] Failed to read DnsConfig.
[0512/012746.055:WARNING:dns_config_service_win.cc(668)] Failed to read DnsConfig.
[0512/012751.076:WARNING:dns_config_service_win.cc(668)] Failed to read DnsConfig.
[0512/012756.086:WARNING:dns_config_service_win.cc(668)] Failed to read DnsConfig.
[0512/012801.103:WARNING:dns_config_service_win.cc(668)] Failed to read DnsConfig.
[0512/012806.121:WARNING:dns_config_service_win.cc(668)] Failed to read DnsConfig.
[0512/012811.140:WARNING:dns_config_service_win.cc(668)] Failed to read DnsConfig.
[0512/012816.162:WARNING:dns_config_service_win.cc(668)] Failed to read DnsConfig.
[0512/012821.173:WARNING:dns_config_service_win.cc(668)] Failed to read DnsConfig.
[0512/012826.185:WARNING:dns_config_service_win.cc(668)] Failed to read DnsConfig.
[0512/012831.209:WARNING:dns_config_service_win.cc(668)] Failed to read DnsConfig.
[0512/012836.220:WARNING:dns_config_service_win.cc(668)] Failed to read DnsConfig.
[0512/012841.234:WARNING:dns_config_service_win.cc(668)] Failed to read DnsConfig.
[0512/012846.258:WARNING:dns_config_service_win.cc(668)] Failed to read DnsConfig.
[0512/012851.278:WARNING:dns_config_service_win.cc(668)] Failed to read DnsConfig.
[0512/012856.299:WARNING:dns_config_service_win.cc(668)] Failed to read DnsConfig.
[0512/012901.311:WARNING:dns_config_service_win.cc(668)] Failed to read DnsConfig.
[0512/012906.324:WARNING:dns_config_service_win.cc(668)] Failed to read DnsConfig.
[0512/012911.339:WARNING:dns_config_service_win.cc(668)] Failed to read DnsConfig.
[0512/012916.344:WARNING:dns_config_service_win.cc(668)] Failed to read DnsConfig.
[0512/012921.362:WARNING:dns_config_service_win.cc(668)] Failed to read DnsConfig.
[0512/012926.379:WARNING:dns_config_service_win.cc(668)] Failed to read DnsConfig.
[0512/012931.393:WARNING:dns_config_service_win.cc(668)] Failed to read DnsConfig.
[0512/012936.409:WARNING:dns_config_service_win.cc(668)] Failed to read DnsConfig.
[0512/012941.422:WARNING:dns_config_service_win.cc(668)] Failed to read DnsConfig.
[0512/012946.447:WARNING:dns_config_service_win.cc(668)] Failed to read DnsConfig.
[0512/012951.465:WARNING:dns_config_service_win.cc(668)] Failed to read DnsConfig.
[0512/012956.481:WARNING:dns_config_service_win.cc(668)] Failed to read DnsConfig.
[0512/013001.516:WARNING:dns_config_service_win.cc(668)] Failed to read DnsConfig.
[0512/013006.539:WARNING:dns_config_service_win.cc(668)] Failed to read DnsConfig.
[0512/013011.558:WARNING:dns_config_service_win.cc(668)] Failed to read DnsConfig.
[0512/013016.576:WARNING:dns_config_service_win.cc(668)] Failed to read DnsConfig.
[0512/013021.594:WARNING:dns_config_service_win.cc(668)] Failed to read DnsConfig.
[0512/013026.620:WARNING:dns_config_service_win.cc(668)] Failed to read DnsConfig.
[0512/013031.636:WARNING:dns_config_service_win.cc(668)] Failed to read DnsConfig.
[0512/013036.656:WARNING:dns_config_service_win.cc(668)] Failed to read DnsConfig.
[0512/013041.680:WARNING:dns_config_service_win.cc(668)] Failed to read DnsConfig.
[0512/013046.709:WARNING:dns_config_service_win.cc(668)] Failed to read DnsConfig.
[0512/013051.727:WARNING:dns_config_service_win.cc(668)] Failed to read DnsConfig.
[0512/013056.741:WARNING:dns_config_service_win.cc(668)] Failed to read DnsConfig.
[0512/013101.752:WARNING:dns_config_service_win.cc(668)] Failed to read DnsConfig.
[0512/013106.778:WARNING:dns_config_service_win.cc(668)] Failed to read DnsConfig.
[0512/013111.797:WARNING:dns_config_service_win.cc(668)] Failed to read DnsConfig.
[0512/013116.809:WARNING:dns_config_service_win.cc(668)] Failed to read DnsConfig.
[0512/013121.826:WARNING:dns_config_service_win.cc(668)] Failed to read DnsConfig.
[0512/013126.843:WARNING:dns_config_service_win.cc(668)] Failed to read DnsConfig.
[0512/013131.857:WARNING:dns_config_service_win.cc(668)] Failed to read DnsConfig.
[0512/013136.869:WARNING:dns_config_service_win.cc(668)] Failed to read DnsConfig.
[0512/013141.897:WARNING:dns_config_service_win.cc(668)] Failed to read DnsConfig.
[0512/013146.916:WARNING:dns_config_service_win.cc(668)] Failed to read DnsConfig.
[0512/013151.939:WARNING:dns_config_service_win.cc(668)] Failed to read DnsConfig.
[0512/013156.954:WARNING:dns_config_service_win.cc(668)] Failed to read DnsConfig.
[0512/013201.973:WARNING:dns_config_service_win.cc(668)] Failed to read DnsConfig.
[0512/013206.988:WARNING:dns_config_service_win.cc(668)] Failed to read DnsConfig.
[0512/013212.009:WARNING:dns_config_service_win.cc(668)] Failed to read DnsConfig.
[0512/013217.020:WARNING:dns_config_service_win.cc(668)] Failed to read DnsConfig.
[0512/013222.039:WARNING:dns_config_service_win.cc(668)] Failed to read DnsConfig.
[0512/013227.054:WARNING:dns_config_service_win.cc(668)] Failed to read DnsConfig.
[0512/013232.080:WARNING:dns_config_service_win.cc(668)] Failed to read DnsConfig.
[0512/013237.101:WARNING:dns_config_service_win.cc(668)] Failed to read DnsConfig.
[0512/013242.114:WARNING:dns_config_service_win.cc(668)] Failed to read DnsConfig.
[0512/013247.136:WARNING:dns_config_service_win.cc(668)] Failed to read DnsConfig.
[0512/013252.158:WARNING:dns_config_service_win.cc(668)] Failed to read DnsConfig.
[0512/013257.181:WARNING:dns_config_service_win.cc(668)] Failed to read DnsConfig.
[0512/013302.197:WARNING:dns_config_service_win.cc(668)] Failed to read DnsConfig.
[0512/013307.210:WARNING:dns_config_service_win.cc(668)] Failed to read DnsConfig.
[0512/013312.227:WARNING:dns_config_service_win.cc(668)] Failed to read DnsConfig.
[0512/013317.238:WARNING:dns_config_service_win.cc(668)] Failed to read DnsConfig.
[0512/013322.242:WARNING:dns_config_service_win.cc(668)] Failed to read DnsConfig.
[0512/013327.260:WARNING:dns_config_service_win.cc(668)] Failed to read DnsConfig.
[0512/013332.273:WARNING:dns_config_service_win.cc(668)] Failed to read DnsConfig.
[0512/013337.292:WARNING:dns_config_service_win.cc(668)] Failed to read DnsConfig.
[0512/013342.302:WARNING:dns_config_service_win.cc(668)] Failed to read DnsConfig.
[0512/013347.320:WARNING:dns_config_service_win.cc(668)] Failed to read DnsConfig.
[0512/013352.338:WARNING:dns_config_service_win.cc(668)] Failed to read DnsConfig.
[0512/013357.358:WARNING:dns_config_service_win.cc(668)] Failed to read DnsConfig.
[0512/013402.384:WARNING:dns_config_service_win.cc(668)] Failed to read DnsConfig.
[0512/013407.402:WARNING:dns_config_service_win.cc(668)] Failed to read DnsConfig.
[0512/013412.423:WARNING:dns_config_service_win.cc(668)] Failed to read DnsConfig.
[0512/013417.447:WARNING:dns_config_service_win.cc(668)] Failed to read DnsConfig.
[0512/013422.475:WARNING:dns_config_service_win.cc(668)] Failed to read DnsConfig.
[0512/013427.487:WARNING:dns_config_service_win.cc(668)] Failed to read DnsConfig.
[0512/013432.505:WARNING:dns_config_service_win.cc(668)] Failed to read DnsConfig.
[0512/013437.529:WARNING:dns_config_service_win.cc(668)] Failed to read DnsConfig.
[0512/013442.544:WARNING:dns_config_service_win.cc(668)] Failed to read DnsConfig.
[0512/013447.560:WARNING:dns_config_service_win.cc(668)] Failed to read DnsConfig.
[0512/013452.574:WARNING:dns_config_service_win.cc(668)] Failed to read DnsConfig.
[0512/013457.597:WARNING:dns_config_service_win.cc(668)] Failed to read DnsConfig.
[0512/013502.619:WARNING:dns_config_service_win.cc(668)] Failed to read DnsConfig.
[0512/013507.637:WARNING:dns_config_service_win.cc(668)] Failed to read DnsConfig.
[0512/013512.654:WARNING:dns_config_service_win.cc(668)] Failed to read DnsConfig.
[0512/013517.668:WARNING:dns_config_service_win.cc(668)] Failed to read DnsConfig.
[0512/013522.693:WARNING:dns_config_service_win.cc(668)] Failed to read DnsConfig.
[0512/013527.715:WARNING:dns_config_service_win.cc(668)] Failed to read DnsConfig.
[0512/013532.722:WARNING:dns_config_service_win.cc(668)] Failed to read DnsConfig.
[0512/013537.738:WARNING:dns_config_service_win.cc(668)] Failed to read DnsConfig.
[0512/013542.743:WARNING:dns_config_service_win.cc(668)] Failed to read DnsConfig.
[0512/013547.754:WARNING:dns_config_service_win.cc(668)] Failed to read DnsConfig.
[0512/013552.770:WARNING:dns_config_service_win.cc(668)] Failed to read DnsConfig.
[0512/013557.792:WARNING:dns_config_service_win.cc(668)] Failed to read DnsConfig.
[0512/013602.819:WARNING:dns_config_service_win.cc(668)] Failed to read DnsConfig.
[0512/013607.835:WARNING:dns_config_service_win.cc(668)] Failed to read DnsConfig.
[0512/013612.860:WARNING:dns_config_service_win.cc(668)] Failed to read DnsConfig.
[0512/013617.885:WARNING:dns_config_service_win.cc(668)] Failed to read DnsConfig.
[0512/013622.897:WARNING:dns_config_service_win.cc(668)] Failed to read DnsConfig.
[0512/013627.920:WARNING:dns_config_service_win.cc(668)] Failed to read DnsConfig.
[0512/013632.939:WARNING:dns_config_service_win.cc(668)] Failed to read DnsConfig.
[0512/013637.955:WARNING:dns_config_service_win.cc(668)] Failed to read DnsConfig.
[0512/013642.968:WARNING:dns_config_service_win.cc(668)] Failed to read DnsConfig.
[0512/013647.994:WARNING:dns_config_service_win.cc(668)] Failed to read DnsConfig.
[0512/013653.018:WARNING:dns_config_service_win.cc(668)] Failed to read DnsConfig.
[0512/013658.047:WARNING:dns_config_service_win.cc(668)] Failed to read DnsConfig.
[0512/013703.062:WARNING:dns_config_service_win.cc(668)] Failed to read DnsConfig.
[0512/013708.084:WARNING:dns_config_service_win.cc(668)] Failed to read DnsConfig.
[0512/013713.094:WARNING:dns_config_service_win.cc(668)] Failed to read DnsConfig.
[0512/013718.108:WARNING:dns_config_service_win.cc(668)] Failed to read DnsConfig.
[0512/013723.132:WARNING:dns_config_service_win.cc(668)] Failed to read DnsConfig.
[0512/013728.149:WARNING:dns_config_service_win.cc(668)] Failed to read DnsConfig.
[0512/013733.163:WARNING:dns_config_service_win.cc(668)] Failed to read DnsConfig.
[0512/013738.177:WARNING:dns_config_service_win.cc(668)] Failed to read DnsConfig.
[0512/013743.191:WARNING:dns_config_service_win.cc(668)] Failed to read DnsConfig.
[0512/013748.212:WARNING:dns_config_service_win.cc(668)] Failed to read DnsConfig.
[0512/013753.233:WARNING:dns_config_service_win.cc(668)] Failed to read DnsConfig.
[0512/013758.249:WARNING:dns_config_service_win.cc(668)] Failed to read DnsConfig.
[0512/013803.263:WARNING:dns_config_service_win.cc(668)] Failed to read DnsConfig.
[0512/013808.277:WARNING:dns_config_service_win.cc(668)] Failed to read DnsConfig.
[0512/013813.291:WARNING:dns_config_service_win.cc(668)] Failed to read DnsConfig.
[0512/013818.317:WARNING:dns_config_service_win.cc(668)] Failed to read DnsConfig.
[0512/013823.336:WARNING:dns_config_service_win.cc(668)] Failed to read DnsConfig.
[0512/013828.355:WARNING:dns_config_service_win.cc(668)] Failed to read DnsConfig.
[0512/013833.373:WARNING:dns_config_service_win.cc(668)] Failed to read DnsConfig.
[0512/013838.388:WARNING:dns_config_service_win.cc(668)] Failed to read DnsConfig.
[0512/013843.396:WARNING:dns_config_service_win.cc(668)] Failed to read DnsConfig.
[0512/013848.415:WARNING:dns_config_service_win.cc(668)] Failed to read DnsConfig.
[0512/013853.437:WARNING:dns_config_service_win.cc(668)] Failed to read DnsConfig.
[0512/013858.449:WARNING:dns_config_service_win.cc(668)] Failed to read DnsConfig.
[0512/013903.463:WARNING:dns_config_service_win.cc(668)] Failed to read DnsConfig.
[0512/013908.475:WARNING:dns_config_service_win.cc(668)] Failed to read DnsConfig.
[0512/013913.492:WARNING:dns_config_service_win.cc(668)] Failed to read DnsConfig.
[0512/013918.511:WARNING:dns_config_service_win.cc(668)] Failed to read DnsConfig.
[0512/013923.531:WARNING:dns_config_service_win.cc(668)] Failed to read DnsConfig.
[0512/013928.553:WARNING:dns_config_service_win.cc(668)] Failed to read DnsConfig.
[0512/013933.607:WARNING:dns_config_service_win.cc(668)] Failed to read DnsConfig.
[0512/013938.634:WARNING:dns_config_service_win.cc(668)] Failed to read DnsConfig.
[0512/013943.656:WARNING:dns_config_service_win.cc(668)] Failed to read DnsConfig.
[0512/013948.673:WARNING:dns_config_service_win.cc(668)] Failed to read DnsConfig.
[0512/013953.687:WARNING:dns_config_service_win.cc(668)] Failed to read DnsConfig.
[0512/013958.712:WARNING:dns_config_service_win.cc(668)] Failed to read DnsConfig.
[0512/014003.740:WARNING:dns_config_service_win.cc(668)] Failed to read DnsConfig.
[0512/014008.757:WARNING:dns_config_service_win.cc(668)] Failed to read DnsConfig.
[0512/014013.779:WARNING:dns_config_service_win.cc(668)] Failed to read DnsConfig.
[0512/014018.792:WARNING:dns_config_service_win.cc(668)] Failed to read DnsConfig.
[0512/014023.808:WARNING:dns_config_service_win.cc(668)] Failed to read DnsConfig.
[0512/014028.830:WARNING:dns_config_service_win.cc(668)] Failed to read DnsConfig.
[0512/014033.852:WARNING:dns_config_service_win.cc(668)] Failed to read DnsConfig.
[0512/014038.863:WARNING:dns_config_service_win.cc(668)] Failed to read DnsConfig.
[0512/014043.888:WARNING:dns_config_service_win.cc(668)] Failed to read DnsConfig.
[0512/014048.913:WARNING:dns_config_service_win.cc(668)] Failed to read DnsConfig.
[0512/014053.930:WARNING:dns_config_service_win.cc(668)] Failed to read DnsConfig.
[0512/014058.953:WARNING:dns_config_service_win.cc(668)] Failed to read DnsConfig.
[0512/014103.972:WARNING:dns_config_service_win.cc(668)] Failed to read DnsConfig.
[0512/014108.982:WARNING:dns_config_service_win.cc(668)] Failed to read DnsConfig.
[0512/014114.007:WARNING:dns_config_service_win.cc(668)] Failed to read DnsConfig.
[0512/014119.024:WARNING:dns_config_service_win.cc(668)] Failed to read DnsConfig.
[0512/014124.038:WARNING:dns_config_service_win.cc(668)] Failed to read DnsConfig.
[0512/014129.060:WARNING:dns_config_service_win.cc(668)] Failed to read DnsConfig.
[0512/014134.082:WARNING:dns_config_service_win.cc(668)] Failed to read DnsConfig.
[0512/014139.105:WARNING:dns_config_service_win.cc(668)] Failed to read DnsConfig.
[0512/014144.124:WARNING:dns_config_service_win.cc(668)] Failed to read DnsConfig.
[0512/014149.145:WARNING:dns_config_service_win.cc(668)] Failed to read DnsConfig.
[0512/014154.158:WARNING:dns_config_service_win.cc(668)] Failed to read DnsConfig.
[0512/014159.172:WARNING:dns_config_service_win.cc(668)] Failed to read DnsConfig.
[0512/014204.180:WARNING:dns_config_service_win.cc(668)] Failed to read DnsConfig.
[0512/014209.192:WARNING:dns_config_service_win.cc(668)] Failed to read DnsConfig.
[0512/014214.200:WARNING:dns_config_service_win.cc(668)] Failed to read DnsConfig.
[0512/014219.218:WARNING:dns_config_service_win.cc(668)] Failed to read DnsConfig.
[0512/014224.244:WARNING:dns_config_service_win.cc(668)] Failed to read DnsConfig.
[0512/014229.267:WARNING:dns_config_service_win.cc(668)] Failed to read DnsConfig.
[0512/014234.290:WARNING:dns_config_service_win.cc(668)] Failed to read DnsConfig.
[0512/014239.315:WARNING:dns_config_service_win.cc(668)] Failed to read DnsConfig.
[0512/014244.330:WARNING:dns_config_service_win.cc(668)] Failed to read DnsConfig.
[0512/014249.343:WARNING:dns_config_service_win.cc(668)] Failed to read DnsConfig.
[0512/014254.358:WARNING:dns_config_service_win.cc(668)] Failed to read DnsConfig.
[0512/014259.381:WARNING:dns_config_service_win.cc(668)] Failed to read DnsConfig.
[0512/014304.407:WARNING:dns_config_service_win.cc(668)] Failed to read DnsConfig.
[0512/014309.427:WARNING:dns_config_service_win.cc(668)] Failed to read DnsConfig.
[0512/014314.442:WARNING:dns_config_service_win.cc(668)] Failed to read DnsConfig.
[0512/014319.454:WARNING:dns_config_service_win.cc(668)] Failed to read DnsConfig.
[0512/014324.476:WARNING:dns_config_service_win.cc(668)] Failed to read DnsConfig.
[0512/014329.491:WARNING:dns_config_service_win.cc(668)] Failed to read DnsConfig.
[0512/014334.510:WARNING:dns_config_service_win.cc(668)] Failed to read DnsConfig.
[0512/014339.529:WARNING:dns_config_service_win.cc(668)] Failed to read DnsConfig.
[0512/014344.555:WARNING:dns_config_service_win.cc(668)] Failed to read DnsConfig.
[0512/014349.570:WARNING:dns_config_service_win.cc(668)] Failed to read DnsConfig.
[0512/014354.598:WARNING:dns_config_service_win.cc(668)] Failed to read DnsConfig.
[0512/014359.617:WARNING:dns_config_service_win.cc(668)] Failed to read DnsConfig.
[0512/014404.633:WARNING:dns_config_service_win.cc(668)] Failed to read DnsConfig.
[0512/014409.646:WARNING:dns_config_service_win.cc(668)] Failed to read DnsConfig.
[0512/014414.661:WARNING:dns_config_service_win.cc(668)] Failed to read DnsConfig.
[0512/014419.679:WARNING:dns_config_service_win.cc(668)] Failed to read DnsConfig.
[0512/014424.708:WARNING:dns_config_service_win.cc(668)] Failed to read DnsConfig.
[0512/014429.725:WARNING:dns_config_service_win.cc(668)] Failed to read DnsConfig.
[0512/014434.749:WARNING:dns_config_service_win.cc(668)] Failed to read DnsConfig.
[0512/014439.761:WARNING:dns_config_service_win.cc(668)] Failed to read DnsConfig.
[0512/014444.788:WARNING:dns_config_service_win.cc(668)] Failed to read DnsConfig.
[0512/014449.803:WARNING:dns_config_service_win.cc(668)] Failed to read DnsConfig.
[0512/014454.816:WARNING:dns_config_service_win.cc(668)] Failed to read DnsConfig.
[0512/014459.820:WARNING:dns_config_service_win.cc(668)] Failed to read DnsConfig.
[0512/014504.838:WARNING:dns_config_service_win.cc(668)] Failed to read DnsConfig.
[0512/014509.855:WARNING:dns_config_service_win.cc(668)] Failed to read DnsConfig.
[0512/014514.887:WARNING:dns_config_service_win.cc(668)] Failed to read DnsConfig.
[0512/014519.900:WARNING:dns_config_service_win.cc(668)] Failed to read DnsConfig.
[0512/014524.922:WARNING:dns_config_service_win.cc(668)] Failed to read DnsConfig.
[0512/014544.781:WARNING:dns_config_service_win.cc(668)] Failed to read DnsConfig.
[0512/020101.886:WARNING:dns_config_service_win.cc(668)] Failed to read DnsConfig.
[0512/020106.911:WARNING:dns_config_service_win.cc(668)] Failed to read DnsConfig.
[0512/020111.925:WARNING:dns_config_service_win.cc(668)] Failed to read DnsConfig.
[0512/020116.933:WARNING:dns_config_service_win.cc(668)] Failed to read DnsConfig.
[0512/020117.216:ERROR:media_internals.cc(112)] Cannot get RenderProcessHost
[0512/192448.480:WARNING:dns_config_service_win.cc(668)] Failed to read DnsConfig.
[0512/192453.501:WARNING:dns_config_service_win.cc(668)] Failed to read DnsConfig.
[0512/192458.515:WARNING:dns_config_service_win.cc(668)] Failed to read DnsConfig.
[0512/192503.536:WARNING:dns_config_service_win.cc(668)] Failed to read DnsConfig.
[0512/192508.555:WARNING:dns_config_service_win.cc(668)] Failed to read DnsConfig.
[0512/192513.581:WARNING:dns_config_service_win.cc(668)] Failed to read DnsConfig.
[0512/192518.604:WARNING:dns_config_service_win.cc(668)] Failed to read DnsConfig.
[0512/192523.618:WARNING:dns_config_service_win.cc(668)] Failed to read DnsConfig.
[0512/192528.624:WARNING:dns_config_service_win.cc(668)] Failed to read DnsConfig.
[0512/192533.635:WARNING:dns_config_service_win.cc(668)] Failed to read DnsConfig.
[0512/192538.657:WARNING:dns_config_service_win.cc(668)] Failed to read DnsConfig.
[0512/192543.680:WARNING:dns_config_service_win.cc(668)] Failed to read DnsConfig.
[0512/192548.697:WARNING:dns_config_service_win.cc(668)] Failed to read DnsConfig.
[0512/192553.712:WARNING:dns_config_service_win.cc(668)] Failed to read DnsConfig.
[0512/192558.744:WARNING:dns_config_service_win.cc(668)] Failed to read DnsConfig.
[0512/192603.769:WARNING:dns_config_service_win.cc(668)] Failed to read DnsConfig.
[0512/192608.793:WARNING:dns_config_service_win.cc(668)] Failed to read DnsConfig.
[0512/192613.857:WARNING:dns_config_service_win.cc(668)] Failed to read DnsConfig.
[0512/192618.869:WARNING:dns_config_service_win.cc(668)] Failed to read DnsConfig.
[0512/192623.889:WARNING:dns_config_service_win.cc(668)] Failed to read DnsConfig.
[0512/192628.908:WARNING:dns_config_service_win.cc(668)] Failed to read DnsConfig.
[0512/192633.917:WARNING:dns_config_service_win.cc(668)] Failed to read DnsConfig.
[0512/192638.938:WARNING:dns_config_service_win.cc(668)] Failed to read DnsConfig.
[0512/192643.957:WARNING:dns_config_service_win.cc(668)] Failed to read DnsConfig.
[0512/192648.967:WARNING:dns_config_service_win.cc(668)] Failed to read DnsConfig.
[0512/192653.984:WARNING:dns_config_service_win.cc(668)] Failed to read DnsConfig.
[0512/192658.999:WARNING:dns_config_service_win.cc(668)] Failed to read DnsConfig.
[0512/192704.014:WARNING:dns_config_service_win.cc(668)] Failed to read DnsConfig.
[0512/192709.033:WARNING:dns_config_service_win.cc(668)] Failed to read DnsConfig.
[0512/192714.045:WARNING:dns_config_service_win.cc(668)] Failed to read DnsConfig.
[0512/192719.093:WARNING:dns_config_service_win.cc(668)] Failed to read DnsConfig.
[0512/192724.103:WARNING:dns_config_service_win.cc(668)] Failed to read DnsConfig.
[0512/192729.119:WARNING:dns_config_service_win.cc(668)] Failed to read DnsConfig.
[0512/192734.133:WARNING:dns_config_service_win.cc(668)] Failed to read DnsConfig.
[0512/192739.146:WARNING:dns_config_service_win.cc(668)] Failed to read DnsConfig.
[0512/192744.159:WARNING:dns_config_service_win.cc(668)] Failed to read DnsConfig.
[0512/192749.177:WARNING:dns_config_service_win.cc(668)] Failed to read DnsConfig.
[0512/192754.191:WARNING:dns_config_service_win.cc(668)] Failed to read DnsConfig.
[0512/192759.209:WARNING:dns_config_service_win.cc(668)] Failed to read DnsConfig.
[0512/192804.219:WARNING:dns_config_service_win.cc(668)] Failed to read DnsConfig.
[0512/192809.242:WARNING:dns_config_service_win.cc(668)] Failed to read DnsConfig.
[0512/192814.261:WARNING:dns_config_service_win.cc(668)] Failed to read DnsConfig.
[0512/192819.283:WARNING:dns_config_service_win.cc(668)] Failed to read DnsConfig.
[0512/192824.306:WARNING:dns_config_service_win.cc(668)] Failed to read DnsConfig.
[0512/192829.330:WARNING:dns_config_service_win.cc(668)] Failed to read DnsConfig.
[0512/192834.341:WARNING:dns_config_service_win.cc(668)] Failed to read DnsConfig.
[0512/192839.360:WARNING:dns_config_service_win.cc(668)] Failed to read DnsConfig.
[0512/192844.374:WARNING:dns_config_service_win.cc(668)] Failed to read DnsConfig.
[0512/192849.397:WARNING:dns_config_service_win.cc(668)] Failed to read DnsConfig.
[0512/192854.417:WARNING:dns_config_service_win.cc(668)] Failed to read DnsConfig.
[0512/192859.430:WARNING:dns_config_service_win.cc(668)] Failed to read DnsConfig.
[0512/192904.452:WARNING:dns_config_service_win.cc(668)] Failed to read DnsConfig.
[0512/192909.466:WARNING:dns_config_service_win.cc(668)] Failed to read DnsConfig.
[0512/192914.485:WARNING:dns_config_service_win.cc(668)] Failed to read DnsConfig.
[0512/192919.504:WARNING:dns_config_service_win.cc(668)] Failed to read DnsConfig.
[0512/192924.527:WARNING:dns_config_service_win.cc(668)] Failed to read DnsConfig.
[0512/192929.547:WARNING:dns_config_service_win.cc(668)] Failed to read DnsConfig.
[0512/192934.561:WARNING:dns_config_service_win.cc(668)] Failed to read DnsConfig.
[0512/192939.592:WARNING:dns_config_service_win.cc(668)] Failed to read DnsConfig.
[0512/192944.608:WARNING:dns_config_service_win.cc(668)] Failed to read DnsConfig.
[0512/192949.629:WARNING:dns_config_service_win.cc(668)] Failed to read DnsConfig.
[0512/192954.648:WARNING:dns_config_service_win.cc(668)] Failed to read DnsConfig.
[0512/192959.672:WARNING:dns_config_service_win.cc(668)] Failed to read DnsConfig.
[0512/193004.686:WARNING:dns_config_service_win.cc(668)] Failed to read DnsConfig.
[0512/193009.697:WARNING:dns_config_service_win.cc(668)] Failed to read DnsConfig.
[0512/193014.725:WARNING:dns_config_service_win.cc(668)] Failed to read DnsConfig.
[0512/193019.753:WARNING:dns_config_service_win.cc(668)] Failed to read DnsConfig.
[0512/193024.767:WARNING:dns_config_service_win.cc(668)] Failed to read DnsConfig.
[0512/193029.786:WARNING:dns_config_service_win.cc(668)] Failed to read DnsConfig.
[0512/193034.811:WARNING:dns_config_service_win.cc(668)] Failed to read DnsConfig.
[0512/193039.822:WARNING:dns_config_service_win.cc(668)] Failed to read DnsConfig.
[0512/193044.843:WARNING:dns_config_service_win.cc(668)] Failed to read DnsConfig.
[0512/193049.861:WARNING:dns_config_service_win.cc(668)] Failed to read DnsConfig.
[0512/193054.875:WARNING:dns_config_service_win.cc(668)] Failed to read DnsConfig.
[0512/193059.905:WARNING:dns_config_service_win.cc(668)] Failed to read DnsConfig.
[0512/193104.921:WARNING:dns_config_service_win.cc(668)] Failed to read DnsConfig.
[0512/193109.939:WARNING:dns_config_service_win.cc(668)] Failed to read DnsConfig.
[0512/193114.960:WARNING:dns_config_service_win.cc(668)] Failed to read DnsConfig.
[0512/193119.982:WARNING:dns_config_service_win.cc(668)] Failed to read DnsConfig.
[0512/193124.996:WARNING:dns_config_service_win.cc(668)] Failed to read DnsConfig.
[0512/193130.010:WARNING:dns_config_service_win.cc(668)] Failed to read DnsConfig.
[0512/193135.025:WARNING:dns_config_service_win.cc(668)] Failed to read DnsConfig.
[0512/193140.044:WARNING:dns_config_service_win.cc(668)] Failed to read DnsConfig.
[0512/193145.058:WARNING:dns_config_service_win.cc(668)] Failed to read DnsConfig.
[0512/193150.073:WARNING:dns_config_service_win.cc(668)] Failed to read DnsConfig.
[0512/193155.087:WARNING:dns_config_service_win.cc(668)] Failed to read DnsConfig.
[0512/193200.097:WARNING:dns_config_service_win.cc(668)] Failed to read DnsConfig.
[0512/193205.114:WARNING:dns_config_service_win.cc(668)] Failed to read DnsConfig.
[0512/193210.128:WARNING:dns_config_service_win.cc(668)] Failed to read DnsConfig.
[0512/193215.140:WARNING:dns_config_service_win.cc(668)] Failed to read DnsConfig.
[0512/193220.163:WARNING:dns_config_service_win.cc(668)] Failed to read DnsConfig.
[0512/193225.177:WARNING:dns_config_service_win.cc(668)] Failed to read DnsConfig.
[0512/193230.194:WARNING:dns_config_service_win.cc(668)] Failed to read DnsConfig.
[0512/193235.211:WARNING:dns_config_service_win.cc(668)] Failed to read DnsConfig.
[0512/193240.228:WARNING:dns_config_service_win.cc(668)] Failed to read DnsConfig.
[0512/193245.245:WARNING:dns_config_service_win.cc(668)] Failed to read DnsConfig.
[0512/193250.268:WARNING:dns_config_service_win.cc(668)] Failed to read DnsConfig.
[0512/193255.291:WARNING:dns_config_service_win.cc(668)] Failed to read DnsConfig.
[0512/193300.317:WARNING:dns_config_service_win.cc(668)] Failed to read DnsConfig.
[0512/193305.331:WARNING:dns_config_service_win.cc(668)] Failed to read DnsConfig.
[0512/193310.341:WARNING:dns_config_service_win.cc(668)] Failed to read DnsConfig.
[0512/193315.364:WARNING:dns_config_service_win.cc(668)] Failed to read DnsConfig.
[0512/193320.384:WARNING:dns_config_service_win.cc(668)] Failed to read DnsConfig.
[0512/193325.398:WARNING:dns_config_service_win.cc(668)] Failed to read DnsConfig.
[0512/193330.421:WARNING:dns_config_service_win.cc(668)] Failed to read DnsConfig.
[0512/193335.430:WARNING:dns_config_service_win.cc(668)] Failed to read DnsConfig.
[0512/193340.458:WARNING:dns_config_service_win.cc(668)] Failed to read DnsConfig.
[0512/193345.462:WARNING:dns_config_service_win.cc(668)] Failed to read DnsConfig.
[0512/193350.483:WARNING:dns_config_service_win.cc(668)] Failed to read DnsConfig.
[0512/193355.501:WARNING:dns_config_service_win.cc(668)] Failed to read DnsConfig.
[0512/193400.513:WARNING:dns_config_service_win.cc(668)] Failed to read DnsConfig.
[0512/193405.535:WARNING:dns_config_service_win.cc(668)] Failed to read DnsConfig.
[0512/193410.559:WARNING:dns_config_service_win.cc(668)] Failed to read DnsConfig.
[0512/193415.578:WARNING:dns_config_service_win.cc(668)] Failed to read DnsConfig.
[0512/193420.599:WARNING:dns_config_service_win.cc(668)] Failed to read DnsConfig.
[0512/193425.623:WARNING:dns_config_service_win.cc(668)] Failed to read DnsConfig.
[0512/193430.651:WARNING:dns_config_service_win.cc(668)] Failed to read DnsConfig.
[0512/193435.668:WARNING:dns_config_service_win.cc(668)] Failed to read DnsConfig.
[0512/193440.691:WARNING:dns_config_service_win.cc(668)] Failed to read DnsConfig.
[0512/193445.699:WARNING:dns_config_service_win.cc(668)] Failed to read DnsConfig.
[0512/193450.717:WARNING:dns_config_service_win.cc(668)] Failed to read DnsConfig.
[0512/193455.741:WARNING:dns_config_service_win.cc(668)] Failed to read DnsConfig.
[0512/193500.765:WARNING:dns_config_service_win.cc(668)] Failed to read DnsConfig.
[0512/193505.780:WARNING:dns_config_service_win.cc(668)] Failed to read DnsConfig.
[0512/193510.795:WARNING:dns_config_service_win.cc(668)] Failed to read DnsConfig.
[0512/193515.813:WARNING:dns_config_service_win.cc(668)] Failed to read DnsConfig.
[0512/193520.829:WARNING:dns_config_service_win.cc(668)] Failed to read DnsConfig.
[0512/193525.853:WARNING:dns_config_service_win.cc(668)] Failed to read DnsConfig.
[0512/193530.876:WARNING:dns_config_service_win.cc(668)] Failed to read DnsConfig.
[0512/193535.900:WARNING:dns_config_service_win.cc(668)] Failed to read DnsConfig.
[0512/193540.928:WARNING:dns_config_service_win.cc(668)] Failed to read DnsConfig.
[0512/193545.949:WARNING:dns_config_service_win.cc(668)] Failed to read DnsConfig.
[0512/193550.971:WARNING:dns_config_service_win.cc(668)] Failed to read DnsConfig.
[0512/193555.989:WARNING:dns_config_service_win.cc(668)] Failed to read DnsConfig.
[0512/193601.010:WARNING:dns_config_service_win.cc(668)] Failed to read DnsConfig.
[0512/193606.021:WARNING:dns_config_service_win.cc(668)] Failed to read DnsConfig.
[0512/193611.032:WARNING:dns_config_service_win.cc(668)] Failed to read DnsConfig.
[0512/193616.055:WARNING:dns_config_service_win.cc(668)] Failed to read DnsConfig.
[0512/193621.076:WARNING:dns_config_service_win.cc(668)] Failed to read DnsConfig.
[0512/193626.097:WARNING:dns_config_service_win.cc(668)] Failed to read DnsConfig.
[0512/193631.118:WARNING:dns_config_service_win.cc(668)] Failed to read DnsConfig.
[0512/193636.137:WARNING:dns_config_service_win.cc(668)] Failed to read DnsConfig.
[0512/193641.161:WARNING:dns_config_service_win.cc(668)] Failed to read DnsConfig.
[0512/193646.198:WARNING:dns_config_service_win.cc(668)] Failed to read DnsConfig.
[0512/193651.212:WARNING:dns_config_service_win.cc(668)] Failed to read DnsConfig.
[0512/193656.227:WARNING:dns_config_service_win.cc(668)] Failed to read DnsConfig.
[0512/193701.250:WARNING:dns_config_service_win.cc(668)] Failed to read DnsConfig.
[0512/193706.269:WARNING:dns_config_service_win.cc(668)] Failed to read DnsConfig.
[0512/193711.286:WARNING:dns_config_service_win.cc(668)] Failed to read DnsConfig.
[0512/193716.296:WARNING:dns_config_service_win.cc(668)] Failed to read DnsConfig.
[0512/193721.310:WARNING:dns_config_service_win.cc(668)] Failed to read DnsConfig.
[0512/193726.325:WARNING:dns_config_service_win.cc(668)] Failed to read DnsConfig.
[0512/193731.339:WARNING:dns_config_service_win.cc(668)] Failed to read DnsConfig.
[0512/193736.362:WARNING:dns_config_service_win.cc(668)] Failed to read DnsConfig.
[0512/193741.379:WARNING:dns_config_service_win.cc(668)] Failed to read DnsConfig.
[0512/193746.402:WARNING:dns_config_service_win.cc(668)] Failed to read DnsConfig.
[0512/193751.422:WARNING:dns_config_service_win.cc(668)] Failed to read DnsConfig.
[0512/193756.435:WARNING:dns_config_service_win.cc(668)] Failed to read DnsConfig.
[0512/193801.455:WARNING:dns_config_service_win.cc(668)] Failed to read DnsConfig.
[0512/193806.476:WARNING:dns_config_service_win.cc(668)] Failed to read DnsConfig.
[0512/193811.497:WARNING:dns_config_service_win.cc(668)] Failed to read DnsConfig.
[0512/193816.519:WARNING:dns_config_service_win.cc(668)] Failed to read DnsConfig.
[0512/193821.546:WARNING:dns_config_service_win.cc(668)] Failed to read DnsConfig.
[0512/193826.571:WARNING:dns_config_service_win.cc(668)] Failed to read DnsConfig.
[0512/193831.594:WARNING:dns_config_service_win.cc(668)] Failed to read DnsConfig.
[0512/193836.613:WARNING:dns_config_service_win.cc(668)] Failed to read DnsConfig.
[0512/193841.628:WARNING:dns_config_service_win.cc(668)] Failed to read DnsConfig.
[0512/193846.643:WARNING:dns_config_service_win.cc(668)] Failed to read DnsConfig.
[0512/193851.666:WARNING:dns_config_service_win.cc(668)] Failed to read DnsConfig.
[0512/193856.694:WARNING:dns_config_service_win.cc(668)] Failed to read DnsConfig.
[0512/193901.724:WARNING:dns_config_service_win.cc(668)] Failed to read DnsConfig.
[0512/193906.743:WARNING:dns_config_service_win.cc(668)] Failed to read DnsConfig.
[0512/193911.765:WARNING:dns_config_service_win.cc(668)] Failed to read DnsConfig.
[0512/193916.773:WARNING:dns_config_service_win.cc(668)] Failed to read DnsConfig.
[0512/193921.783:WARNING:dns_config_service_win.cc(668)] Failed to read DnsConfig.
[0512/193926.804:WARNING:dns_config_service_win.cc(668)] Failed to read DnsConfig.
[0512/193931.833:WARNING:dns_config_service_win.cc(668)] Failed to read DnsConfig.
[0512/193936.855:WARNING:dns_config_service_win.cc(668)] Failed to read DnsConfig.
[0512/193941.872:WARNING:dns_config_service_win.cc(668)] Failed to read DnsConfig.
[0512/193946.898:WARNING:dns_config_service_win.cc(668)] Failed to read DnsConfig.
[0512/193951.917:WARNING:dns_config_service_win.cc(668)] Failed to read DnsConfig.
[0512/193956.944:WARNING:dns_config_service_win.cc(668)] Failed to read DnsConfig.
[0512/194001.968:WARNING:dns_config_service_win.cc(668)] Failed to read DnsConfig.
[0512/194006.989:WARNING:dns_config_service_win.cc(668)] Failed to read DnsConfig.
[0512/194012.006:WARNING:dns_config_service_win.cc(668)] Failed to read DnsConfig.
[0512/194017.034:WARNING:dns_config_service_win.cc(668)] Failed to read DnsConfig.
[0512/194022.048:WARNING:dns_config_service_win.cc(668)] Failed to read DnsConfig.
[0512/194027.066:WARNING:dns_config_service_win.cc(668)] Failed to read DnsConfig.
[0512/194032.080:WARNING:dns_config_service_win.cc(668)] Failed to read DnsConfig.
[0512/194037.100:WARNING:dns_config_service_win.cc(668)] Failed to read DnsConfig.
[0512/194042.116:WARNING:dns_config_service_win.cc(668)] Failed to read DnsConfig.
[0512/194047.142:WARNING:dns_config_service_win.cc(668)] Failed to read DnsConfig.
[0512/194052.168:WARNING:dns_config_service_win.cc(668)] Failed to read DnsConfig.
[0512/194057.187:WARNING:dns_config_service_win.cc(668)] Failed to read DnsConfig.
[0512/194102.204:WARNING:dns_config_service_win.cc(668)] Failed to read DnsConfig.
[0512/194107.227:WARNING:dns_config_service_win.cc(668)] Failed to read DnsConfig.
[0512/194112.252:WARNING:dns_config_service_win.cc(668)] Failed to read DnsConfig.
[0512/194117.268:WARNING:dns_config_service_win.cc(668)] Failed to read DnsConfig.
[0512/194122.290:WARNING:dns_config_service_win.cc(668)] Failed to read DnsConfig.
[0512/194127.315:WARNING:dns_config_service_win.cc(668)] Failed to read DnsConfig.
[0512/194132.344:WARNING:dns_config_service_win.cc(668)] Failed to read DnsConfig.
[0512/194137.371:WARNING:dns_config_service_win.cc(668)] Failed to read DnsConfig.
[0512/194142.396:WARNING:dns_config_service_win.cc(668)] Failed to read DnsConfig.
[0512/194147.408:WARNING:dns_config_service_win.cc(668)] Failed to read DnsConfig.
[0512/194152.428:WARNING:dns_config_service_win.cc(668)] Failed to read DnsConfig.
[0512/194157.455:WARNING:dns_config_service_win.cc(668)] Failed to read DnsConfig.
[0512/194202.470:WARNING:dns_config_service_win.cc(668)] Failed to read DnsConfig.
[0512/194207.484:WARNING:dns_config_service_win.cc(668)] Failed to read DnsConfig.
[0512/194212.502:WARNING:dns_config_service_win.cc(668)] Failed to read DnsConfig.
[0512/194217.531:WARNING:dns_config_service_win.cc(668)] Failed to read DnsConfig.
[0512/194222.557:WARNING:dns_config_service_win.cc(668)] Failed to read DnsConfig.
[0512/194227.578:WARNING:dns_config_service_win.cc(668)] Failed to read DnsConfig.
[0512/194232.593:WARNING:dns_config_service_win.cc(668)] Failed to read DnsConfig.
[0512/194237.614:WARNING:dns_config_service_win.cc(668)] Failed to read DnsConfig.
[0512/194242.636:WARNING:dns_config_service_win.cc(668)] Failed to read DnsConfig.
[0512/194247.656:WARNING:dns_config_service_win.cc(668)] Failed to read DnsConfig.
[0512/194252.687:WARNING:dns_config_service_win.cc(668)] Failed to read DnsConfig.
[0512/194257.713:WARNING:dns_config_service_win.cc(668)] Failed to read DnsConfig.
[0512/194302.729:WARNING:dns_config_service_win.cc(668)] Failed to read DnsConfig.
[0512/194307.755:WARNING:dns_config_service_win.cc(668)] Failed to read DnsConfig.
[0512/194312.783:WARNING:dns_config_service_win.cc(668)] Failed to read DnsConfig.
[0512/194317.803:WARNING:dns_config_service_win.cc(668)] Failed to read DnsConfig.
[0512/194322.830:WARNING:dns_config_service_win.cc(668)] Failed to read DnsConfig.
[0512/194327.850:WARNING:dns_config_service_win.cc(668)] Failed to read DnsConfig.
[0512/194332.877:WARNING:dns_config_service_win.cc(668)] Failed to read DnsConfig.
[0512/194337.898:WARNING:dns_config_service_win.cc(668)] Failed to read DnsConfig.
[0512/194342.918:WARNING:dns_config_service_win.cc(668)] Failed to read DnsConfig.
[0512/194347.941:WARNING:dns_config_service_win.cc(668)] Failed to read DnsConfig.
[0512/194352.957:WARNING:dns_config_service_win.cc(668)] Failed to read DnsConfig.
[0512/194357.978:WARNING:dns_config_service_win.cc(668)] Failed to read DnsConfig.
[0512/194402.997:WARNING:dns_config_service_win.cc(668)] Failed to read DnsConfig.
[0512/194408.011:WARNING:dns_config_service_win.cc(668)] Failed to read DnsConfig.
[0512/194413.024:WARNING:dns_config_service_win.cc(668)] Failed to read DnsConfig.
[0512/194418.042:WARNING:dns_config_service_win.cc(668)] Failed to read DnsConfig.
[0512/194423.058:WARNING:dns_config_service_win.cc(668)] Failed to read DnsConfig.
[0512/194428.078:WARNING:dns_config_service_win.cc(668)] Failed to read DnsConfig.
[0512/194433.105:WARNING:dns_config_service_win.cc(668)] Failed to read DnsConfig.
[0512/194438.118:WARNING:dns_config_service_win.cc(668)] Failed to read DnsConfig.
[0512/194443.131:WARNING:dns_config_service_win.cc(668)] Failed to read DnsConfig.
[0512/194448.148:WARNING:dns_config_service_win.cc(668)] Failed to read DnsConfig.
[0512/194453.174:WARNING:dns_config_service_win.cc(668)] Failed to read DnsConfig.
[0512/194458.201:WARNING:dns_config_service_win.cc(668)] Failed to read DnsConfig.
[0512/194503.216:WARNING:dns_config_service_win.cc(668)] Failed to read DnsConfig.
[0512/194508.240:WARNING:dns_config_service_win.cc(668)] Failed to read DnsConfig.
[0512/194513.252:WARNING:dns_config_service_win.cc(668)] Failed to read DnsConfig.
[0512/194518.274:WARNING:dns_config_service_win.cc(668)] Failed to read DnsConfig.
[0512/194523.294:WARNING:dns_config_service_win.cc(668)] Failed to read DnsConfig.
[0512/194528.307:WARNING:dns_config_service_win.cc(668)] Failed to read DnsConfig.
[0512/194533.321:WARNING:dns_config_service_win.cc(668)] Failed to read DnsConfig.
[0512/194538.335:WARNING:dns_config_service_win.cc(668)] Failed to read DnsConfig.
[0512/194543.348:WARNING:dns_config_service_win.cc(668)] Failed to read DnsConfig.
[0512/194548.363:WARNING:dns_config_service_win.cc(668)] Failed to read DnsConfig.
[0512/194553.379:WARNING:dns_config_service_win.cc(668)] Failed to read DnsConfig.
[0512/194558.386:WARNING:dns_config_service_win.cc(668)] Failed to read DnsConfig.
[0512/194603.398:WARNING:dns_config_service_win.cc(668)] Failed to read DnsConfig.
[0512/194608.417:WARNING:dns_config_service_win.cc(668)] Failed to read DnsConfig.
[0512/194613.445:WARNING:dns_config_service_win.cc(668)] Failed to read DnsConfig.
[0512/194618.463:WARNING:dns_config_service_win.cc(668)] Failed to read DnsConfig.
[0512/194623.484:WARNING:dns_config_service_win.cc(668)] Failed to read DnsConfig.
[0512/194628.502:WARNING:dns_config_service_win.cc(668)] Failed to read DnsConfig.
[0512/194633.532:WARNING:dns_config_service_win.cc(668)] Failed to read DnsConfig.
[0512/194638.546:WARNING:dns_config_service_win.cc(668)] Failed to read DnsConfig.
[0512/194643.562:WARNING:dns_config_service_win.cc(668)] Failed to read DnsConfig.
[0512/194648.588:WARNING:dns_config_service_win.cc(668)] Failed to read DnsConfig.
[0512/194653.617:WARNING:dns_config_service_win.cc(668)] Failed to read DnsConfig.
[0512/194658.640:WARNING:dns_config_service_win.cc(668)] Failed to read DnsConfig.
[0512/194703.666:WARNING:dns_config_service_win.cc(668)] Failed to read DnsConfig.
[0512/194708.692:WARNING:dns_config_service_win.cc(668)] Failed to read DnsConfig.
[0512/194713.713:WARNING:dns_config_service_win.cc(668)] Failed to read DnsConfig.
[0512/194718.726:WARNING:dns_config_service_win.cc(668)] Failed to read DnsConfig.
[0512/194723.745:WARNING:dns_config_service_win.cc(668)] Failed to read DnsConfig.
[0512/194728.768:WARNING:dns_config_service_win.cc(668)] Failed to read DnsConfig.
[0512/194733.791:WARNING:dns_config_service_win.cc(668)] Failed to read DnsConfig.
[0512/194738.797:WARNING:dns_config_service_win.cc(668)] Failed to read DnsConfig.
[0512/194743.809:WARNING:dns_config_service_win.cc(668)] Failed to read DnsConfig.
[0512/194748.835:WARNING:dns_config_service_win.cc(668)] Failed to read DnsConfig.
[0512/194753.859:WARNING:dns_config_service_win.cc(668)] Failed to read DnsConfig.
[0512/194758.879:WARNING:dns_config_service_win.cc(668)] Failed to read DnsConfig.
[0512/194803.905:WARNING:dns_config_service_win.cc(668)] Failed to read DnsConfig.
[0512/194808.919:WARNING:dns_config_service_win.cc(668)] Failed to read DnsConfig.
[0512/194813.939:WARNING:dns_config_service_win.cc(668)] Failed to read DnsConfig.
[0512/194818.958:WARNING:dns_config_service_win.cc(668)] Failed to read DnsConfig.
[0512/194823.974:WARNING:dns_config_service_win.cc(668)] Failed to read DnsConfig.
[0512/194828.997:WARNING:dns_config_service_win.cc(668)] Failed to read DnsConfig.
[0512/194834.009:WARNING:dns_config_service_win.cc(668)] Failed to read DnsConfig.
[0512/194839.019:WARNING:dns_config_service_win.cc(668)] Failed to read DnsConfig.
[0512/194844.041:WARNING:dns_config_service_win.cc(668)] Failed to read DnsConfig.
[0512/194849.065:WARNING:dns_config_service_win.cc(668)] Failed to read DnsConfig.
[0512/194854.076:WARNING:dns_config_service_win.cc(668)] Failed to read DnsConfig.
[0512/194859.099:WARNING:dns_config_service_win.cc(668)] Failed to read DnsConfig.
[0512/194904.121:WARNING:dns_config_service_win.cc(668)] Failed to read DnsConfig.
[0512/194909.134:WARNING:dns_config_service_win.cc(668)] Failed to read DnsConfig.
[0512/194914.148:WARNING:dns_config_service_win.cc(668)] Failed to read DnsConfig.
[0512/194919.170:WARNING:dns_config_service_win.cc(668)] Failed to read DnsConfig.
[0512/194924.190:WARNING:dns_config_service_win.cc(668)] Failed to read DnsConfig.
[0512/194929.215:WARNING:dns_config_service_win.cc(668)] Failed to read DnsConfig.
[0512/194934.240:WARNING:dns_config_service_win.cc(668)] Failed to read DnsConfig.
[0512/194939.264:WARNING:dns_config_service_win.cc(668)] Failed to read DnsConfig.
[0512/194944.280:WARNING:dns_config_service_win.cc(668)] Failed to read DnsConfig.
[0512/194949.302:WARNING:dns_config_service_win.cc(668)] Failed to read DnsConfig.
[0512/194954.320:WARNING:dns_config_service_win.cc(668)] Failed to read DnsConfig.
[0512/194959.340:WARNING:dns_config_service_win.cc(668)] Failed to read DnsConfig.
[0512/195004.347:WARNING:dns_config_service_win.cc(668)] Failed to read DnsConfig.
[0512/195009.373:WARNING:dns_config_service_win.cc(668)] Failed to read DnsConfig.
[0512/195014.401:WARNING:dns_config_service_win.cc(668)] Failed to read DnsConfig.
[0512/195019.411:WARNING:dns_config_service_win.cc(668)] Failed to read DnsConfig.
[0512/195024.424:WARNING:dns_config_service_win.cc(668)] Failed to read DnsConfig.
[0512/195029.446:WARNING:dns_config_service_win.cc(668)] Failed to read DnsConfig.
[0512/195034.469:WARNING:dns_config_service_win.cc(668)] Failed to read DnsConfig.
[0512/195039.488:WARNING:dns_config_service_win.cc(668)] Failed to read DnsConfig.
[0512/195044.510:WARNING:dns_config_service_win.cc(668)] Failed to read DnsConfig.
[0512/195049.524:WARNING:dns_config_service_win.cc(668)] Failed to read DnsConfig.
[0512/195054.538:WARNING:dns_config_service_win.cc(668)] Failed to read DnsConfig.
[0512/195059.558:WARNING:dns_config_service_win.cc(668)] Failed to read DnsConfig.
[0512/195104.574:WARNING:dns_config_service_win.cc(668)] Failed to read DnsConfig.
[0512/195109.589:WARNING:dns_config_service_win.cc(668)] Failed to read DnsConfig.
[0512/195114.611:WARNING:dns_config_service_win.cc(668)] Failed to read DnsConfig.
[0512/195119.625:WARNING:dns_config_service_win.cc(668)] Failed to read DnsConfig.
[0512/195124.645:WARNING:dns_config_service_win.cc(668)] Failed to read DnsConfig.
[0512/195129.660:WARNING:dns_config_service_win.cc(668)] Failed to read DnsConfig.
[0512/195134.671:WARNING:dns_config_service_win.cc(668)] Failed to read DnsConfig.
[0512/195139.683:WARNING:dns_config_service_win.cc(668)] Failed to read DnsConfig.
[0512/195144.695:WARNING:dns_config_service_win.cc(668)] Failed to read DnsConfig.
[0512/195149.711:WARNING:dns_config_service_win.cc(668)] Failed to read DnsConfig.
[0512/195154.729:WARNING:dns_config_service_win.cc(668)] Failed to read DnsConfig.
[0512/195159.750:WARNING:dns_config_service_win.cc(668)] Failed to read DnsConfig.
[0512/195204.768:WARNING:dns_config_service_win.cc(668)] Failed to read DnsConfig.
[0512/195209.792:WARNING:dns_config_service_win.cc(668)] Failed to read DnsConfig.
[0512/195214.806:WARNING:dns_config_service_win.cc(668)] Failed to read DnsConfig.
[0512/195219.818:WARNING:dns_config_service_win.cc(668)] Failed to read DnsConfig.
[0512/195224.832:WARNING:dns_config_service_win.cc(668)] Failed to read DnsConfig.
[0512/195229.856:WARNING:dns_config_service_win.cc(668)] Failed to read DnsConfig.
[0512/195234.875:WARNING:dns_config_service_win.cc(668)] Failed to read DnsConfig.
[0512/195239.895:WARNING:dns_config_service_win.cc(668)] Failed to read DnsConfig.
[0512/195244.917:WARNING:dns_config_service_win.cc(668)] Failed to read DnsConfig.
[0512/195249.933:WARNING:dns_config_service_win.cc(668)] Failed to read DnsConfig.
[0512/195254.940:WARNING:dns_config_service_win.cc(668)] Failed to read DnsConfig.
[0512/195259.952:WARNING:dns_config_service_win.cc(668)] Failed to read DnsConfig.
[0512/195304.975:WARNING:dns_config_service_win.cc(668)] Failed to read DnsConfig.
[0512/195309.989:WARNING:dns_config_service_win.cc(668)] Failed to read DnsConfig.
[0512/195315.003:WARNING:dns_config_service_win.cc(668)] Failed to read DnsConfig.
[0512/195320.021:WARNING:dns_config_service_win.cc(668)] Failed to read DnsConfig.
[0512/195325.042:WARNING:dns_config_service_win.cc(668)] Failed to read DnsConfig.
[0512/195330.064:WARNING:dns_config_service_win.cc(668)] Failed to read DnsConfig.
[0512/195335.078:WARNING:dns_config_service_win.cc(668)] Failed to read DnsConfig.
[0512/195340.095:WARNING:dns_config_service_win.cc(668)] Failed to read DnsConfig.
[0512/195345.110:WARNING:dns_config_service_win.cc(668)] Failed to read DnsConfig.
[0512/195350.120:WARNING:dns_config_service_win.cc(668)] Failed to read DnsConfig.
[0512/195355.134:WARNING:dns_config_service_win.cc(668)] Failed to read DnsConfig.
[0512/195400.145:WARNING:dns_config_service_win.cc(668)] Failed to read DnsConfig.
[0512/195405.160:WARNING:dns_config_service_win.cc(668)] Failed to read DnsConfig.
[0512/195410.182:WARNING:dns_config_service_win.cc(668)] Failed to read DnsConfig.
[0512/195415.186:WARNING:dns_config_service_win.cc(668)] Failed to read DnsConfig.
[0512/195420.211:WARNING:dns_config_service_win.cc(668)] Failed to read DnsConfig.
[0512/195425.223:WARNING:dns_config_service_win.cc(668)] Failed to read DnsConfig.
[0512/195430.238:WARNING:dns_config_service_win.cc(668)] Failed to read DnsConfig.
[0512/195435.258:WARNING:dns_config_service_win.cc(668)] Failed to read DnsConfig.
[0512/195440.278:WARNING:dns_config_service_win.cc(668)] Failed to read DnsConfig.
[0512/195445.303:WARNING:dns_config_service_win.cc(668)] Failed to read DnsConfig.
[0512/195450.316:WARNING:dns_config_service_win.cc(668)] Failed to read DnsConfig.
[0512/195455.330:WARNING:dns_config_service_win.cc(668)] Failed to read DnsConfig.
[0512/195500.357:WARNING:dns_config_service_win.cc(668)] Failed to read DnsConfig.
[0512/195505.382:WARNING:dns_config_service_win.cc(668)] Failed to read DnsConfig.
[0512/195510.393:WARNING:dns_config_service_win.cc(668)] Failed to read DnsConfig.
[0512/195515.412:WARNING:dns_config_service_win.cc(668)] Failed to read DnsConfig.
[0512/195520.431:WARNING:dns_config_service_win.cc(668)] Failed to read DnsConfig.
[0512/195525.445:WARNING:dns_config_service_win.cc(668)] Failed to read DnsConfig.
[0512/195530.468:WARNING:dns_config_service_win.cc(668)] Failed to read DnsConfig.
[0512/195535.479:WARNING:dns_config_service_win.cc(668)] Failed to read DnsConfig.
[0512/195540.498:WARNING:dns_config_service_win.cc(668)] Failed to read DnsConfig.
[0512/195545.519:WARNING:dns_config_service_win.cc(668)] Failed to read DnsConfig.
[0512/195550.537:WARNING:dns_config_service_win.cc(668)] Failed to read DnsConfig.
[0512/195555.551:WARNING:dns_config_service_win.cc(668)] Failed to read DnsConfig.
[0512/195600.571:WARNING:dns_config_service_win.cc(668)] Failed to read DnsConfig.
[0512/195605.588:WARNING:dns_config_service_win.cc(668)] Failed to read DnsConfig.
[0512/195610.602:WARNING:dns_config_service_win.cc(668)] Failed to read DnsConfig.
[0512/195615.616:WARNING:dns_config_service_win.cc(668)] Failed to read DnsConfig.
[0512/195620.634:WARNING:dns_config_service_win.cc(668)] Failed to read DnsConfig.
[0512/195625.653:WARNING:dns_config_service_win.cc(668)] Failed to read DnsConfig.
[0512/195630.673:WARNING:dns_config_service_win.cc(668)] Failed to read DnsConfig.
[0512/195635.694:WARNING:dns_config_service_win.cc(668)] Failed to read DnsConfig.
[0512/195640.718:WARNING:dns_config_service_win.cc(668)] Failed to read DnsConfig.
[0512/195645.737:WARNING:dns_config_service_win.cc(668)] Failed to read DnsConfig.
[0512/195650.764:WARNING:dns_config_service_win.cc(668)] Failed to read DnsConfig.
[0512/195655.789:WARNING:dns_config_service_win.cc(668)] Failed to read DnsConfig.
[0512/195700.811:WARNING:dns_config_service_win.cc(668)] Failed to read DnsConfig.
[0512/195705.835:WARNING:dns_config_service_win.cc(668)] Failed to read DnsConfig.
[0512/195710.851:WARNING:dns_config_service_win.cc(668)] Failed to read DnsConfig.
[0512/195715.868:WARNING:dns_config_service_win.cc(668)] Failed to read DnsConfig.
[0512/195720.879:WARNING:dns_config_service_win.cc(668)] Failed to read DnsConfig.
[0512/195725.895:WARNING:dns_config_service_win.cc(668)] Failed to read DnsConfig.
[0512/195730.920:WARNING:dns_config_service_win.cc(668)] Failed to read DnsConfig.
[0512/195735.949:WARNING:dns_config_service_win.cc(668)] Failed to read DnsConfig.
[0512/195740.965:WARNING:dns_config_service_win.cc(668)] Failed to read DnsConfig.
[0512/195745.987:WARNING:dns_config_service_win.cc(668)] Failed to read DnsConfig.
[0512/195750.999:WARNING:dns_config_service_win.cc(668)] Failed to read DnsConfig.
[0512/195756.013:WARNING:dns_config_service_win.cc(668)] Failed to read DnsConfig.
[0512/195801.041:WARNING:dns_config_service_win.cc(668)] Failed to read DnsConfig.
[0512/195806.067:WARNING:dns_config_service_win.cc(668)] Failed to read DnsConfig.
[0512/195811.083:WARNING:dns_config_service_win.cc(668)] Failed to read DnsConfig.
[0512/195816.100:WARNING:dns_config_service_win.cc(668)] Failed to read DnsConfig.
[0512/195821.122:WARNING:dns_config_service_win.cc(668)] Failed to read DnsConfig.
[0512/195826.136:WARNING:dns_config_service_win.cc(668)] Failed to read DnsConfig.
[0512/195831.156:WARNING:dns_config_service_win.cc(668)] Failed to read DnsConfig.
[0512/195836.169:WARNING:dns_config_service_win.cc(668)] Failed to read DnsConfig.
[0512/195841.191:WARNING:dns_config_service_win.cc(668)] Failed to read DnsConfig.
[0512/195846.206:WARNING:dns_config_service_win.cc(668)] Failed to read DnsConfig.
[0512/195851.236:WARNING:dns_config_service_win.cc(668)] Failed to read DnsConfig.
[0512/215918.637:WARNING:dns_config_service_win.cc(668)] Failed to read DnsConfig.
[0512/215938.597:WARNING:dns_config_service_win.cc(668)] Failed to read DnsConfig.
[0512/215943.612:WARNING:dns_config_service_win.cc(668)] Failed to read DnsConfig.
[0512/215948.626:WARNING:dns_config_service_win.cc(668)] Failed to read DnsConfig.
[0512/215953.640:WARNING:dns_config_service_win.cc(668)] Failed to read DnsConfig.
[0512/215958.656:WARNING:dns_config_service_win.cc(668)] Failed to read DnsConfig.
[0512/220003.675:WARNING:dns_config_service_win.cc(668)] Failed to read DnsConfig.
[0512/220008.689:WARNING:dns_config_service_win.cc(668)] Failed to read DnsConfig.
[0512/220013.707:WARNING:dns_config_service_win.cc(668)] Failed to read DnsConfig.
[0512/220018.721:WARNING:dns_config_service_win.cc(668)] Failed to read DnsConfig.
[0512/220023.730:WARNING:dns_config_service_win.cc(668)] Failed to read DnsConfig.
[0512/220028.737:WARNING:dns_config_service_win.cc(668)] Failed to read DnsConfig.
[0512/220033.741:WARNING:dns_config_service_win.cc(668)] Failed to read DnsConfig.
[0512/220038.755:WARNING:dns_config_service_win.cc(668)] Failed to read DnsConfig.
[0512/220043.763:WARNING:dns_config_service_win.cc(668)] Failed to read DnsConfig.
